2017-03-10 19:11:19 [-][-][-][error][yii\db\Exception] exception 'PDOException' with message 'SQLSTATE[28000] [1045] Access denied for user 'root'@'localhost' (using password: NO)' in /var/www/html/yii/vendor/yiisoft/yii2/db/Connection.php:630
Stack trace:
#0 /var/www/html/yii/vendor/yiisoft/yii2/db/Connection.php(630): PDO->__construct('mysql:host=loca...', 'root', '', NULL)
#1 /var/www/html/yii/vendor/yiisoft/yii2/db/Connection.php(563): yii\db\Connection->createPdoInstance()
#2 /var/www/html/yii/vendor/yiisoft/yii2/db/Connection.php(896): yii\db\Connection->open()
#3 /var/www/html/yii/vendor/yiisoft/yii2/db/Connection.php(883): yii\db\Connection->getMasterPdo()
#4 /var/www/html/yii/vendor/yiisoft/yii2/db/Command.php(219): yii\db\Connection->getSlavePdo()
#5 /var/www/html/yii/vendor/yiisoft/yii2/db/Command.php(896): yii\db\Command->prepare(true)
#6 /var/www/html/yii/vendor/yiisoft/yii2/db/Command.php(362): yii\db\Command->queryInternal('fetchAll', NULL)
#7 /var/www/html/yii/vendor/yiisoft/yii2/db/mysql/Schema.php(199): yii\db\Command->queryAll()
#8 /var/www/html/yii/vendor/yiisoft/yii2/db/mysql/Schema.php(98): yii\db\mysql\Schema->findColumns(Object(yii\db\TableSchema))
#9 /var/www/html/yii/vendor/yiisoft/yii2/db/Schema.php(152): yii\db\mysql\Schema->loadTableSchema('migration')
#10 /var/www/html/yii/vendor/yiisoft/yii2/console/controllers/MigrateController.php(199): yii\db\Schema->getTableSchema('{{%migration}}', true)
#11 /var/www/html/yii/vendor/yiisoft/yii2/console/controllers/BaseMigrateController.php(774): yii\console\controllers\MigrateController->getMigrationHistory(NULL)
#12 /var/www/html/yii/vendor/yiisoft/yii2/console/controllers/BaseMigrateController.php(138): yii\console\controllers\BaseMigrateController->getNewMigrations()
#13 [internal function]: yii\console\controllers\BaseMigrateController->actionUp(0)
#14 /var/www/html/yii/vendor/yiisoft/yii2/base/InlineAction.php(57): call_user_func_array(Array, Array)
#15 /var/www/html/yii/vendor/yiisoft/yii2/base/Controller.php(156): yii\base\InlineAction->runWithParams(Array)
#16 /var/www/html/yii/vendor/yiisoft/yii2/console/Controller.php(128): yii\base\Controller->runAction('', Array)
#17 /var/www/html/yii/vendor/yiisoft/yii2/base/Module.php(523): yii\console\Controller->runAction('', Array)
#18 /var/www/html/yii/vendor/yiisoft/yii2/console/Application.php(180): yii\base\Module->runAction('migrate', Array)
#19 /var/www/html/yii/vendor/yiisoft/yii2/console/Application.php(147): yii\console\Application->runAction('migrate', Array)
#20 /var/www/html/yii/vendor/yiisoft/yii2/base/Application.php(380): yii\console\Application->handleRequest(Object(yii\console\Request))
#21 /var/www/html/yii/yii(27): yii\base\Application->run()
#22 {main}

Next exception 'yii\db\Exception' with message 'SQLSTATE[28000] [1045] Access denied for user 'root'@'localhost' (using password: NO)' in /var/www/html/yii/vendor/yiisoft/yii2/db/Connection.php:568
Stack trace:
#0 /var/www/html/yii/vendor/yiisoft/yii2/db/Connection.php(896): yii\db\Connection->open()
#1 /var/www/html/yii/vendor/yiisoft/yii2/db/Connection.php(883): yii\db\Connection->getMasterPdo()
#2 /var/www/html/yii/vendor/yiisoft/yii2/db/Command.php(219): yii\db\Connection->getSlavePdo()
#3 /var/www/html/yii/vendor/yiisoft/yii2/db/Command.php(896): yii\db\Command->prepare(true)
#4 /var/www/html/yii/vendor/yiisoft/yii2/db/Command.php(362): yii\db\Command->queryInternal('fetchAll', NULL)
#5 /var/www/html/yii/vendor/yiisoft/yii2/db/mysql/Schema.php(199): yii\db\Command->queryAll()
#6 /var/www/html/yii/vendor/yiisoft/yii2/db/mysql/Schema.php(98): yii\db\mysql\Schema->findColumns(Object(yii\db\TableSchema))
#7 /var/www/html/yii/vendor/yiisoft/yii2/db/Schema.php(152): yii\db\mysql\Schema->loadTableSchema('migration')
#8 /var/www/html/yii/vendor/yiisoft/yii2/console/controllers/MigrateController.php(199): yii\db\Schema->getTableSchema('{{%migration}}', true)
#9 /var/www/html/yii/vendor/yiisoft/yii2/console/controllers/BaseMigrateController.php(774): yii\console\controllers\MigrateController->getMigrationHistory(NULL)
#10 /var/www/html/yii/vendor/yiisoft/yii2/console/controllers/BaseMigrateController.php(138): yii\console\controllers\BaseMigrateController->getNewMigrations()
#11 [internal function]: yii\console\controllers\BaseMigrateController->actionUp(0)
#12 /var/www/html/yii/vendor/yiisoft/yii2/base/InlineAction.php(57): call_user_func_array(Array, Array)
#13 /var/www/html/yii/vendor/yiisoft/yii2/base/Controller.php(156): yii\base\InlineAction->runWithParams(Array)
#14 /var/www/html/yii/vendor/yiisoft/yii2/console/Controller.php(128): yii\base\Controller->runAction('', Array)
#15 /var/www/html/yii/vendor/yiisoft/yii2/base/Module.php(523): yii\console\Controller->runAction('', Array)
#16 /var/www/html/yii/vendor/yiisoft/yii2/console/Application.php(180): yii\base\Module->runAction('migrate', Array)
#17 /var/www/html/yii/vendor/yiisoft/yii2/console/Application.php(147): yii\console\Application->runAction('migrate', Array)
#18 /var/www/html/yii/vendor/yiisoft/yii2/base/Application.php(380): yii\console\Application->handleRequest(Object(yii\console\Request))
#19 /var/www/html/yii/yii(27): yii\base\Application->run()
#20 {main}
Additional Information:

2017-03-10 19:11:19 [-][-][-][info][application] $_SERVER = [
    'TERM' => 'xterm'
    'SHELL' => '/bin/bash'
    'SSH_CLIENT' => '10.0.2.2 65155 22'
    'SSH_TTY' => '/dev/pts/0'
    'USER' => 'root'
    'MAIL' => '/var/mail/root'
    'PATH' => '/usr/local/sbin:/usr/local/bin:/usr/sbin:/usr/bin:/sbin:/bin'
    'PWD' => '/var/www/html/yii'
    'LANG' => 'ru_RU.UTF-8'
    'SHLVL' => '1'
    'HOME' => '/root'
    'LOGNAME' => 'root'
    'SSH_CONNECTION' => '10.0.2.2 65155 10.0.2.4 22'
    '_' => './yii'
    'OLDPWD' => '/var/www/html'
    'PHP_SELF' => './yii'
    'SCRIPT_NAME' => './yii'
    'SCRIPT_FILENAME' => './yii'
    'PATH_TRANSLATED' => './yii'
    'DOCUMENT_ROOT' => ''
    'REQUEST_TIME_FLOAT' => 1489173079.6123
    'REQUEST_TIME' => 1489173079
    'argv' => [
        0 => './yii'
        1 => 'migrate'
    ]
    'argc' => 2
]
